<?xml version="1.0" encoding="UTF-8"?>
<robot generator="Robot 3.1.2 (Python 3.8.1 on win32)" generated="20200330 16:30:38.702" rpa="false">
<suite id="s1" name="TestAutomationPlayground" source="C:\Users\jturkenb\eclipse-workspace\TestAutomationPlayground">
<suite id="s1-s1" name="Login" source="C:\Users\jturkenb\eclipse-workspace\TestAutomationPlayground\Login">
<suite id="s1-s1-s1" name="InvalidLoginTest" source="C:\Users\jturkenb\eclipse-workspace\TestAutomationPlayground\Login\InvalidLoginTest.robot">
<kw name="Open Test Automation Playground" type="setup">
<kw name="Open Browser" library="SeleniumLibrary">
<doc>Opens a new browser instance to the optional ``url``.</doc>
<arguments>
<arg>${homepage_playground}</arg>
<arg>chrome</arg>
</arguments>
<msg timestamp="20200330 16:30:40.105" level="INFO">Opening browser 'chrome' to base url 'http://testautomationplayground.northeurope.cloudapp.azure.com:8080/'.</msg>
<status status="PASS" starttime="20200330 16:30:40.104" endtime="20200330 16:30:56.587"></status>
</kw>
<kw name="Maximize Browser Window" library="SeleniumLibrary">
<doc>Maximizes current browser window.</doc>
<status status="PASS" starttime="20200330 16:30:56.591" endtime="20200330 16:30:58.019"></status>
</kw>
<kw name="Click on sign in button homepage" library="login_resources">
<kw name="Click Button" library="SeleniumLibrary">
<doc>Clicks the button identified by ``locator``.</doc>
<arguments>
<arg>${sign_in_button}</arg>
</arguments>
<msg timestamp="20200330 16:30:58.023" level="INFO">Clicking button 'xpath://app-product-list//button[contains(.,'Sign in')]'.</msg>
<status status="PASS" starttime="20200330 16:30:58.021" endtime="20200330 16:30:58.542"></status>
</kw>
<status status="PASS" starttime="20200330 16:30:58.020" endtime="20200330 16:30:58.542"></status>
</kw>
<status status="PASS" starttime="20200330 16:30:40.103" endtime="20200330 16:30:58.543"></status>
</kw>
<test id="s1-s1-s1-t1" name="Empty user wrong pw">
<kw name="Invalid Login">
<arguments>
<arg>${EMPTY}</arg>
<arg>abcd</arg>
<arg>Username is required</arg>
</arguments>
<kw name="Input an username" library="login_resources">
<arguments>
<arg>${username}</arg>
</arguments>
<kw name="Input Text" library="SeleniumLibrary">
<doc>Types the given ``text`` into the text field identified by ``locator``.</doc>
<arguments>
<arg>${username_field}</arg>
<arg>${username}</arg>
</arguments>
<msg timestamp="20200330 16:30:58.556" level="INFO">Typing text '' into text field 'xpath://input[@formcontrolname='username']'.</msg>
<status status="PASS" starttime="20200330 16:30:58.551" endtime="20200330 16:30:58.769"></status>
</kw>
<status status="PASS" starttime="20200330 16:30:58.549" endtime="20200330 16:30:58.770"></status>
</kw>
<kw name="Input a password" library="login_resources">
<arguments>
<arg>${password}</arg>
</arguments>
<kw name="Input Text" library="SeleniumLibrary">
<doc>Types the given ``text`` into the text field identified by ``locator``.</doc>
<arguments>
<arg>${password_field}</arg>
<arg>${password}</arg>
</arguments>
<msg timestamp="20200330 16:30:58.773" level="INFO">Typing text 'abcd' into text field 'xpath://input[@formcontrolname='password']'.</msg>
<status status="PASS" starttime="20200330 16:30:58.772" endtime="20200330 16:30:59.153"></status>
</kw>
<status status="PASS" starttime="20200330 16:30:58.771" endtime="20200330 16:30:59.154"></status>
</kw>
<kw name="Click on sign in button" library="login_resources">
<kw name="Click Button" library="SeleniumLibrary">
<doc>Clicks the button identified by ``locator``.</doc>
<arguments>
<arg>${sign_in_btn_popup}</arg>
</arguments>
<msg timestamp="20200330 16:30:59.157" level="INFO">Clicking button 'xpath://app-sign-in-or-up-dialog//button[contains(.,'Sign in')]'.</msg>
<status status="PASS" starttime="20200330 16:30:59.156" endtime="20200330 16:30:59.408"></status>
</kw>
<status status="PASS" starttime="20200330 16:30:59.155" endtime="20200330 16:30:59.410"></status>
</kw>
<kw name="Sleep" library="BuiltIn">
<doc>Pauses the test executed for the given time.</doc>
<arguments>
<arg>3</arg>
<arg>seconds</arg>
</arguments>
<msg timestamp="20200330 16:31:02.420" level="INFO">Slept 3 seconds</msg>
<msg timestamp="20200330 16:31:02.420" level="INFO">seconds</msg>
<status status="PASS" starttime="20200330 16:30:59.417" endtime="20200330 16:31:02.421"></status>
</kw>
<kw name="Error/succes message should be visible" library="login_resources">
<arguments>
<arg>${output}</arg>
</arguments>
<kw name="Page Should Contain" library="SeleniumLibrary">
<doc>Verifies that current page contains ``text``.</doc>
<arguments>
<arg>${output}</arg>
</arguments>
<kw name="Capture Page Screenshot" library="SeleniumLibrary">
<doc>Takes a screenshot of the current page and embeds it into a log file.</doc>
<msg timestamp="20200330 16:31:03.226" level="INFO" html="yes">&lt;/td&gt;&lt;/tr&gt;&lt;tr&gt;&lt;td colspan="3"&gt;&lt;a href="selenium-screenshot-1.png"&gt;&lt;img src="selenium-screenshot-1.png" width="800px"&gt;&lt;/a&gt;</msg>
<status status="PASS" starttime="20200330 16:31:02.537" endtime="20200330 16:31:03.227"></status>
</kw>
<msg timestamp="20200330 16:31:03.235" level="FAIL">Page should have contained text 'Username is required' but did not.</msg>
<status status="FAIL" starttime="20200330 16:31:02.424" endtime="20200330 16:31:03.235"></status>
</kw>
<status status="FAIL" starttime="20200330 16:31:02.422" endtime="20200330 16:31:03.236"></status>
</kw>
<status status="FAIL" starttime="20200330 16:30:58.547" endtime="20200330 16:31:03.237"></status>
</kw>
<status status="FAIL" starttime="20200330 16:30:58.545" endtime="20200330 16:31:03.238" critical="yes">Page should have contained text 'Username is required' but did not.</status>
</test>
<test id="s1-s1-s1-t2" name="Right user wrong pw">
<kw name="Invalid Login">
<arguments>
<arg>joosttest</arg>
<arg>abcd</arg>
<arg>Username or password incorrect</arg>
</arguments>
<kw name="Input an username" library="login_resources">
<arguments>
<arg>${username}</arg>
</arguments>
<kw name="Input Text" library="SeleniumLibrary">
<doc>Types the given ``text`` into the text field identified by ``locator``.</doc>
<arguments>
<arg>${username_field}</arg>
<arg>${username}</arg>
</arguments>
<msg timestamp="20200330 16:31:03.247" level="INFO">Typing text 'joosttest' into text field 'xpath://input[@formcontrolname='username']'.</msg>
<status status="PASS" starttime="20200330 16:31:03.243" endtime="20200330 16:31:03.536"></status>
</kw>
<status status="PASS" starttime="20200330 16:31:03.241" endtime="20200330 16:31:03.537"></status>
</kw>
<kw name="Input a password" library="login_resources">
<arguments>
<arg>${password}</arg>
</arguments>
<kw name="Input Text" library="SeleniumLibrary">
<doc>Types the given ``text`` into the text field identified by ``locator``.</doc>
<arguments>
<arg>${password_field}</arg>
<arg>${password}</arg>
</arguments>
<msg timestamp="20200330 16:31:03.539" level="INFO">Typing text 'abcd' into text field 'xpath://input[@formcontrolname='password']'.</msg>
<status status="PASS" starttime="20200330 16:31:03.539" endtime="20200330 16:31:03.741"></status>
</kw>
<status status="PASS" starttime="20200330 16:31:03.538" endtime="20200330 16:31:03.742"></status>
</kw>
<kw name="Click on sign in button" library="login_resources">
<kw name="Click Button" library="SeleniumLibrary">
<doc>Clicks the button identified by ``locator``.</doc>
<arguments>
<arg>${sign_in_btn_popup}</arg>
</arguments>
<msg timestamp="20200330 16:31:03.746" level="INFO">Clicking button 'xpath://app-sign-in-or-up-dialog//button[contains(.,'Sign in')]'.</msg>
<status status="PASS" starttime="20200330 16:31:03.745" endtime="20200330 16:31:03.890"></status>
</kw>
<status status="PASS" starttime="20200330 16:31:03.742" endtime="20200330 16:31:03.891"></status>
</kw>
<kw name="Sleep" library="BuiltIn">
<doc>Pauses the test executed for the given time.</doc>
<arguments>
<arg>3</arg>
<arg>seconds</arg>
</arguments>
<msg timestamp="20200330 16:31:06.893" level="INFO">Slept 3 seconds</msg>
<msg timestamp="20200330 16:31:06.894" level="INFO">seconds</msg>
<status status="PASS" starttime="20200330 16:31:03.891" endtime="20200330 16:31:06.895"></status>
</kw>
<kw name="Error/succes message should be visible" library="login_resources">
<arguments>
<arg>${output}</arg>
</arguments>
<kw name="Page Should Contain" library="SeleniumLibrary">
<doc>Verifies that current page contains ``text``.</doc>
<arguments>
<arg>${output}</arg>
</arguments>
<msg timestamp="20200330 16:31:06.972" level="INFO">Current page contains text 'Username or password incorrect'.</msg>
<status status="PASS" starttime="20200330 16:31:06.897" endtime="20200330 16:31:06.973"></status>
</kw>
<status status="PASS" starttime="20200330 16:31:06.896" endtime="20200330 16:31:06.973"></status>
</kw>
<kw name="Sleep" library="BuiltIn">
<doc>Pauses the test executed for the given time.</doc>
<arguments>
<arg>6</arg>
<arg>seconds</arg>
</arguments>
<msg timestamp="20200330 16:31:12.976" level="INFO">Slept 6 seconds</msg>
<msg timestamp="20200330 16:31:12.976" level="INFO">seconds</msg>
<status status="PASS" starttime="20200330 16:31:06.974" endtime="20200330 16:31:12.977"></status>
</kw>
<kw name="Delete input data" library="login_resources">
<kw name="Clear Element Text" library="SeleniumLibrary">
<doc>Clears the value of the text-input-element identified by ``locator``.</doc>
<arguments>
<arg>${username_field}</arg>
</arguments>
<status status="PASS" starttime="20200330 16:31:12.982" endtime="20200330 16:31:13.134"></status>
</kw>
<kw name="Clear Element Text" library="SeleniumLibrary">
<doc>Clears the value of the text-input-element identified by ``locator``.</doc>
<arguments>
<arg>${password_field}</arg>
</arguments>
<status status="PASS" starttime="20200330 16:31:13.137" endtime="20200330 16:31:13.366"></status>
</kw>
<status status="PASS" starttime="20200330 16:31:12.979" endtime="20200330 16:31:13.368"></status>
</kw>
<kw name="Sleep" library="BuiltIn">
<doc>Pauses the test executed for the given time.</doc>
<arguments>
<arg>3</arg>
<arg>seconds</arg>
</arguments>
<msg timestamp="20200330 16:31:16.372" level="INFO">Slept 3 seconds</msg>
<msg timestamp="20200330 16:31:16.372" level="INFO">seconds</msg>
<status status="PASS" starttime="20200330 16:31:13.370" endtime="20200330 16:31:16.372"></status>
</kw>
<status status="PASS" starttime="20200330 16:31:03.240" endtime="20200330 16:31:16.372"></status>
</kw>
<status status="PASS" starttime="20200330 16:31:03.239" endtime="20200330 16:31:16.373" critical="yes"></status>
</test>
<test id="s1-s1-s1-t3" name="Wrong user empty pw">
<kw name="Invalid Login">
<arguments>
<arg>abcd</arg>
<arg>${EMPTY}</arg>
<arg>Password is required</arg>
</arguments>
<kw name="Input an username" library="login_resources">
<arguments>
<arg>${username}</arg>
</arguments>
<kw name="Input Text" library="SeleniumLibrary">
<doc>Types the given ``text`` into the text field identified by ``locator``.</doc>
<arguments>
<arg>${username_field}</arg>
<arg>${username}</arg>
</arguments>
<msg timestamp="20200330 16:31:16.381" level="INFO">Typing text 'abcd' into text field 'xpath://input[@formcontrolname='username']'.</msg>
<status status="PASS" starttime="20200330 16:31:16.379" endtime="20200330 16:31:16.557"></status>
</kw>
<status status="PASS" starttime="20200330 16:31:16.377" endtime="20200330 16:31:16.558"></status>
</kw>
<kw name="Input a password" library="login_resources">
<arguments>
<arg>${password}</arg>
</arguments>
<kw name="Input Text" library="SeleniumLibrary">
<doc>Types the given ``text`` into the text field identified by ``locator``.</doc>
<arguments>
<arg>${password_field}</arg>
<arg>${password}</arg>
</arguments>
<msg timestamp="20200330 16:31:16.566" level="INFO">Typing text '' into text field 'xpath://input[@formcontrolname='password']'.</msg>
<status status="PASS" starttime="20200330 16:31:16.561" endtime="20200330 16:31:16.707"></status>
</kw>
<status status="PASS" starttime="20200330 16:31:16.558" endtime="20200330 16:31:16.708"></status>
</kw>
<kw name="Click on sign in button" library="login_resources">
<kw name="Click Button" library="SeleniumLibrary">
<doc>Clicks the button identified by ``locator``.</doc>
<arguments>
<arg>${sign_in_btn_popup}</arg>
</arguments>
<msg timestamp="20200330 16:31:16.711" level="INFO">Clicking button 'xpath://app-sign-in-or-up-dialog//button[contains(.,'Sign in')]'.</msg>
<status status="PASS" starttime="20200330 16:31:16.709" endtime="20200330 16:31:16.874"></status>
</kw>
<status status="PASS" starttime="20200330 16:31:16.709" endtime="20200330 16:31:16.875"></status>
</kw>
<kw name="Sleep" library="BuiltIn">
<doc>Pauses the test executed for the given time.</doc>
<arguments>
<arg>3</arg>
<arg>seconds</arg>
</arguments>
<msg timestamp="20200330 16:31:19.877" level="INFO">Slept 3 seconds</msg>
<msg timestamp="20200330 16:31:19.877" level="INFO">seconds</msg>
<status status="PASS" starttime="20200330 16:31:16.876" endtime="20200330 16:31:19.879"></status>
</kw>
<kw name="Error/succes message should be visible" library="login_resources">
<arguments>
<arg>${output}</arg>
</arguments>
<kw name="Page Should Contain" library="SeleniumLibrary">
<doc>Verifies that current page contains ``text``.</doc>
<arguments>
<arg>${output}</arg>
</arguments>
<kw name="Capture Page Screenshot" library="SeleniumLibrary">
<doc>Takes a screenshot of the current page and embeds it into a log file.</doc>
<msg timestamp="20200330 16:31:21.010" level="INFO" html="yes">&lt;/td&gt;&lt;/tr&gt;&lt;tr&gt;&lt;td colspan="3"&gt;&lt;a href="selenium-screenshot-2.png"&gt;&lt;img src="selenium-screenshot-2.png" width="800px"&gt;&lt;/a&gt;</msg>
<status status="PASS" starttime="20200330 16:31:20.030" endtime="20200330 16:31:21.011"></status>
</kw>
<msg timestamp="20200330 16:31:21.038" level="FAIL">Page should have contained text 'Password is required' but did not.</msg>
<status status="FAIL" starttime="20200330 16:31:19.882" endtime="20200330 16:31:21.039"></status>
</kw>
<status status="FAIL" starttime="20200330 16:31:19.880" endtime="20200330 16:31:21.040"></status>
</kw>
<status status="FAIL" starttime="20200330 16:31:16.375" endtime="20200330 16:31:21.041"></status>
</kw>
<status status="FAIL" starttime="20200330 16:31:16.374" endtime="20200330 16:31:21.042" critical="yes">Page should have contained text 'Password is required' but did not.</status>
</test>
<test id="s1-s1-s1-t4" name="Wrong user right pw">
<kw name="Invalid Login">
<arguments>
<arg>abcd</arg>
<arg>testww</arg>
<arg>Username or password incorrect</arg>
</arguments>
<kw name="Input an username" library="login_resources">
<arguments>
<arg>${username}</arg>
</arguments>
<kw name="Input Text" library="SeleniumLibrary">
<doc>Types the given ``text`` into the text field identified by ``locator``.</doc>
<arguments>
<arg>${username_field}</arg>
<arg>${username}</arg>
</arguments>
<msg timestamp="20200330 16:31:21.052" level="INFO">Typing text 'abcd' into text field 'xpath://input[@formcontrolname='username']'.</msg>
<status status="PASS" starttime="20200330 16:31:21.051" endtime="20200330 16:31:21.404"></status>
</kw>
<status status="PASS" starttime="20200330 16:31:21.050" endtime="20200330 16:31:21.405"></status>
</kw>
<kw name="Input a password" library="login_resources">
<arguments>
<arg>${password}</arg>
</arguments>
<kw name="Input Text" library="SeleniumLibrary">
<doc>Types the given ``text`` into the text field identified by ``locator``.</doc>
<arguments>
<arg>${password_field}</arg>
<arg>${password}</arg>
</arguments>
<msg timestamp="20200330 16:31:21.409" level="INFO">Typing text 'testww' into text field 'xpath://input[@formcontrolname='password']'.</msg>
<status status="PASS" starttime="20200330 16:31:21.407" endtime="20200330 16:31:21.836"></status>
</kw>
<status status="PASS" starttime="20200330 16:31:21.405" endtime="20200330 16:31:21.837"></status>
</kw>
<kw name="Click on sign in button" library="login_resources">
<kw name="Click Button" library="SeleniumLibrary">
<doc>Clicks the button identified by ``locator``.</doc>
<arguments>
<arg>${sign_in_btn_popup}</arg>
</arguments>
<msg timestamp="20200330 16:31:21.840" level="INFO">Clicking button 'xpath://app-sign-in-or-up-dialog//button[contains(.,'Sign in')]'.</msg>
<status status="PASS" starttime="20200330 16:31:21.839" endtime="20200330 16:31:22.161"></status>
</kw>
<status status="PASS" starttime="20200330 16:31:21.838" endtime="20200330 16:31:22.167"></status>
</kw>
<kw name="Sleep" library="BuiltIn">
<doc>Pauses the test executed for the given time.</doc>
<arguments>
<arg>3</arg>
<arg>seconds</arg>
</arguments>
<msg timestamp="20200330 16:31:25.175" level="INFO">Slept 3 seconds</msg>
<msg timestamp="20200330 16:31:25.175" level="INFO">seconds</msg>
<status status="PASS" starttime="20200330 16:31:22.169" endtime="20200330 16:31:25.176"></status>
</kw>
<kw name="Error/succes message should be visible" library="login_resources">
<arguments>
<arg>${output}</arg>
</arguments>
<kw name="Page Should Contain" library="SeleniumLibrary">
<doc>Verifies that current page contains ``text``.</doc>
<arguments>
<arg>${output}</arg>
</arguments>
<msg timestamp="20200330 16:31:25.249" level="INFO">Current page contains text 'Username or password incorrect'.</msg>
<status status="PASS" starttime="20200330 16:31:25.180" endtime="20200330 16:31:25.250"></status>
</kw>
<status status="PASS" starttime="20200330 16:31:25.177" endtime="20200330 16:31:25.251"></status>
</kw>
<kw name="Sleep" library="BuiltIn">
<doc>Pauses the test executed for the given time.</doc>
<arguments>
<arg>6</arg>
<arg>seconds</arg>
</arguments>
<msg timestamp="20200330 16:31:31.256" level="INFO">Slept 6 seconds</msg>
<msg timestamp="20200330 16:31:31.256" level="INFO">seconds</msg>
<status status="PASS" starttime="20200330 16:31:25.252" endtime="20200330 16:31:31.257"></status>
</kw>
<kw name="Delete input data" library="login_resources">
<kw name="Clear Element Text" library="SeleniumLibrary">
<doc>Clears the value of the text-input-element identified by ``locator``.</doc>
<arguments>
<arg>${username_field}</arg>
</arguments>
<status status="PASS" starttime="20200330 16:31:31.260" endtime="20200330 16:31:31.343"></status>
</kw>
<kw name="Clear Element Text" library="SeleniumLibrary">
<doc>Clears the value of the text-input-element identified by ``locator``.</doc>
<arguments>
<arg>${password_field}</arg>
</arguments>
<status status="PASS" starttime="20200330 16:31:31.347" endtime="20200330 16:31:31.452"></status>
</kw>
<status status="PASS" starttime="20200330 16:31:31.258" endtime="20200330 16:31:31.455"></status>
</kw>
<kw name="Sleep" library="BuiltIn">
<doc>Pauses the test executed for the given time.</doc>
<arguments>
<arg>3</arg>
<arg>seconds</arg>
</arguments>
<msg timestamp="20200330 16:31:34.459" level="INFO">Slept 3 seconds</msg>
<msg timestamp="20200330 16:31:34.460" level="INFO">seconds</msg>
<status status="PASS" starttime="20200330 16:31:31.456" endtime="20200330 16:31:34.460"></status>
</kw>
<status status="PASS" starttime="20200330 16:31:21.048" endtime="20200330 16:31:34.464"></status>
</kw>
<status status="PASS" starttime="20200330 16:31:21.045" endtime="20200330 16:31:34.466" critical="yes"></status>
</test>
<kw name="Close Browser" library="SeleniumLibrary" type="teardown">
<doc>Closes the current browser.</doc>
<status status="PASS" starttime="20200330 16:31:34.470" endtime="20200330 16:31:37.697"></status>
</kw>
<status status="FAIL" starttime="20200330 16:30:38.959" endtime="20200330 16:31:37.698"></status>
</suite>
<status status="FAIL" starttime="20200330 16:30:38.943" endtime="20200330 16:31:37.718"></status>
</suite>
<status status="FAIL" starttime="20200330 16:30:38.877" endtime="20200330 16:31:37.726"></status>
</suite>
<statistics>
<total>
<stat pass="2" fail="2">Critical Tests</stat>
<stat pass="2" fail="2">All Tests</stat>
</total>
<tag>
</tag>
<suite>
<stat pass="2" fail="2" id="s1" name="TestAutomationPlayground">TestAutomationPlayground</stat>
<stat pass="2" fail="2" id="s1-s1" name="Login">TestAutomationPlayground.Login</stat>
<stat pass="2" fail="2" id="s1-s1-s1" name="InvalidLoginTest">TestAutomationPlayground.Login.InvalidLoginTest</stat>
</suite>
</statistics>
<errors>
</errors>
</robot>
